<?xml version="1.0" encoding="UTF-8"?>
<!-- Generated by org.testng.reporters.JUnitReportReporter -->
<testsuite hostname="DESKTOP-U91VT5D" failures="0" tests="4" name="com.testclass.displaybookshelves.validateDisplayBookshelves" time="47.156" errors="0" timestamp="2021-08-26T11:29:57 IST" skipped="0">
  <testcase classname="com.testclass.displaybookshelves.validateDisplayBookshelves" name="homePage" time="12.889"/>
  <system-out/>
  <testcase classname="com.testclass.displaybookshelves.validateDisplayBookshelves" name="bookshelves" time="15.811"/>
  <system-out/>
  <testcase classname="com.testclass.displaybookshelves.validateDisplayBookshelves" name="collectionMenu" time="6.245"/>
  <system-out/>
  <testcase classname="com.testclass.displaybookshelves.validateDisplayBookshelves" name="validatingGiftCard" time="12.211"/>
  <system-out/>
</testsuite> <!-- com.testclass.displaybookshelves.validateDisplayBookshelves -->
