<?xml version="1.0" encoding="UTF-8"?>
<!-- Generated by org.testng.reporters.JUnitReportReporter -->
<testsuite hostname="DESKTOP-U91VT5D" failures="0" tests="24" name="com.testclass.displaybookshelves.ValidateBookDetails" time="41.256" errors="0" timestamp="2021-08-17T18:49:00 IST" skipped="0">
  <testcase classname="com.testclass.displaybookshelves.ValidateBookDetails" name="homePageTitleTest" time="8.023"/>
  <system-out/>
  <testcase classname="com.testclass.displaybookshelves.ValidateBookDetails" name="closePopUpTest" time="4.068"/>
  <system-out/>
  <testcase classname="com.testclass.displaybookshelves.ValidateBookDetails" name="searchBoxTest" time="2.099"/>
  <system-out/>
  <testcase classname="com.testclass.displaybookshelves.ValidateBookDetails" name="searchButtonTest" time="3.417"/>
  <system-out/>
  <testcase classname="com.testclass.displaybookshelves.ValidateBookDetails" name="categoryTest" time="4.159"/>
  <system-out/>
  <testcase classname="com.testclass.displaybookshelves.ValidateBookDetails" name="amountTest" time="2.593"/>
  <system-out/>
  <testcase classname="com.testclass.displaybookshelves.ValidateBookDetails" name="storageTypeTest" time="4.120"/>
  <system-out/>
  <testcase classname="com.testclass.displaybookshelves.ValidateBookDetails" name="outOfStockTest" time="2.065"/>
  <system-out/>
  <testcase classname="com.testclass.displaybookshelves.ValidateBookDetails" name="screenShotTest1" time="0.460"/>
  <system-out/>
  <testcase classname="com.testclass.displaybookshelves.ValidateBookDetails" name="bookDetailsTest" time="0.926"/>
  <system-out>

The price of the first three bookshelves below Rs.15000: Hayden Display Shelf: Rs.5999 Hayden Display Shelf: Rs.4799 Austen Bookshelf/Display Unit: Rs.8319  </system-out>
  <testcase classname="com.testclass.displaybookshelves.ValidateBookDetails" name="CollectionButtonTest" time="0.070"/>
  <system-out/>
  <testcase classname="com.testclass.displaybookshelves.ValidateBookDetails" name="subMenuTest" time="2.479"/>
  <system-out>

The submenu list from 'Being at home' column: Study Tables Computer Tables Study Sets Laptop Tables Solid Wood Study Tables Study Tables With Storage Study Chairs Office Chairs Ergonomic Study Chairs Solid Wood Study Chairs Accent Study Chairs Bookshelves Open Bookshelves  </system-out>
  <testcase classname="com.testclass.displaybookshelves.ValidateBookDetails" name="studyChairsTest" time="1.772"/>
  <system-out/>
  <testcase classname="com.testclass.displaybookshelves.ValidateBookDetails" name="studyChairsDisplayTest" time="1.270"/>
  <system-out>

The price of the first three study chair Mika Study Chair: Rs.9519 Venturi Study Chair-3 Axis Adjustable: Rs.7699 Aurelio Study Chair: Rs.8599  </system-out>
  <testcase classname="com.testclass.displaybookshelves.ValidateBookDetails" name="screenShotTest2" time="0.320"/>
  <system-out/>
  <testcase classname="com.testclass.displaybookshelves.ValidateBookDetails" name="GiftCardButtonTest" time="2.259"/>
  <system-out/>
  <testcase classname="com.testclass.displaybookshelves.ValidateBookDetails" name="selectCardTest" time="0.102"/>
  <system-out/>
  <testcase classname="com.testclass.displaybookshelves.ValidateBookDetails" name="AmountTextBoxTest" time="0.178"/>
  <system-out/>
  <testcase classname="com.testclass.displaybookshelves.ValidateBookDetails" name="RecipientNameTest" time="0.092"/>
  <system-out/>
  <testcase classname="com.testclass.displaybookshelves.ValidateBookDetails" name="RecipientEmailTest" time="0.100"/>
  <system-out/>
  <testcase classname="com.testclass.displaybookshelves.ValidateBookDetails" name="senderNameTest" time="0.082"/>
  <system-out/>
  <testcase classname="com.testclass.displaybookshelves.ValidateBookDetails" name="senderNoTest" time="0.090"/>
  <system-out/>
  <testcase classname="com.testclass.displaybookshelves.ValidateBookDetails" name="errorMessageTest" time="0.256"/>
  <system-out>

The error message appeared for invalid e-mail: Please include an '@' in the email address. 'asha.com' is missing an '@'.
  </system-out>
  <testcase classname="com.testclass.displaybookshelves.ValidateBookDetails" name="screenShotTest" time="0.256"/>
  <system-out/>
</testsuite> <!-- com.testclass.displaybookshelves.ValidateBookDetails -->
