<?xml version="1.0" encoding="UTF-8"?>
<!-- Generated by org.testng.reporters.JUnitReportReporter -->
<testsuite skipped="0" hostname="DESKTOP-U91VT5D" name="com.testclass.displaybookshelves.validateDisplayBookshelves" tests="4" failures="0" timestamp="23 Aug 2021 03:54:18 GMT" time="48.786" errors="0">
  <testcase name="homePage" time="14.288" classname="com.testclass.displaybookshelves.validateDisplayBookshelves"/>
  <testcase name="bookshelves" time="15.788" classname="com.testclass.displaybookshelves.validateDisplayBookshelves"/>
  <testcase name="collectionMenu" time="6.463" classname="com.testclass.displaybookshelves.validateDisplayBookshelves"/>
  <testcase name="validatingGiftCard" time="12.247" classname="com.testclass.displaybookshelves.validateDisplayBookshelves"/>
</testsuite> <!-- com.testclass.displaybookshelves.validateDisplayBookshelves -->
