<?xml version="1.0" encoding="UTF-8"?>
<!-- Generated by org.testng.reporters.JUnitReportReporter -->
<testsuite hostname="DESKTOP-U91VT5D" failures="0" tests="4" name="com.selenium.testclass.validateEpicModule" time="108.143" errors="0" timestamp="2021-09-06T17:45:14 IST" skipped="0">
  <testcase classname="com.selenium.testclass.validateEpicModule" name="home_Page" time="13.447"/>
  <system-out/>
  <testcase classname="com.selenium.testclass.validateEpicModule" name="project_Page" time="10.288"/>
  <system-out/>
  <testcase classname="com.selenium.testclass.validateEpicModule" name="epic_Page_valid" time="74.950"/>
  <system-out/>
  <testcase classname="com.selenium.testclass.validateEpicModule" name="epic_Page_invalid" time="9.458"/>
  <system-out/>
</testsuite> <!-- com.selenium.testclass.validateEpicModule -->
