<?xml version="1.0" encoding="UTF-8"?>
<!-- Generated by org.testng.reporters.JUnitReportReporter -->
<testsuite hostname="DESKTOP-U91VT5D" failures="0" tests="3" name="com.opencart.testNgAnnotation" time="0.007" errors="0" timestamp="2021-08-10T10:58:31 IST" skipped="0">
  <testcase classname="com.opencart.testNgAnnotation" name="firstTest" time="0.005"/>
  <system-out/>
  <testcase classname="com.opencart.testNgAnnotation" name="thirdTest" time="0.001"/>
  <system-out/>
  <testcase classname="com.opencart.testNgAnnotation" name="secTest" time="0.001"/>
  <system-out/>
</testsuite> <!-- com.opencart.testNgAnnotation -->
